<?xml version="1.0" encoding="UTF-8"?>
<testsuite name="edu.odtu.ceng453.group10.catanbackend.CatanBackendApplicationTests" tests="1" skipped="0" failures="0" errors="0" timestamp="2023-11-12T08:59:32" hostname="beramonster" time="0.394">
  <properties/>
  <testcase name="contextLoads()" classname="edu.odtu.ceng453.group10.catanbackend.CatanBackendApplicationTests" time="0.394"/>
  <system-out><![CDATA[09:59:28.794 [Test worker] INFO org.springframework.test.context.support.AnnotationConfigContextLoaderUtils -- Could not detect default configuration classes for test class [edu.odtu.ceng453.group10.catanbackend.CatanBackendApplicationTests]: CatanBackendApplicationTests does not declare any static, non-private, non-final, nested classes annotated with @Configuration.
09:59:28.892 [Test worker] INFO org.springframework.boot.test.context.SpringBootTestContextBootstrapper -- Found @SpringBootConfiguration edu.odtu.ceng453.group10.catanbackend.CatanBackendApplication for test class edu.odtu.ceng453.group10.catanbackend.CatanBackendApplicationTests

  .   ____          _            __ _ _
 /\\ / ___'_ __ _ _(_)_ __  __ _ \ \ \ \
( ( )\___ | '_ | '_| | '_ \/ _` | \ \ \ \
 \\/  ___)| |_)| | | | | || (_| |  ) ) ) )
  '  |____| .__|_| |_|_| |_\__, | / / / /
 =========|_|==============|___/=/_/_/_/
 :: Spring Boot ::                (v3.1.5)

2023-11-12T09:59:29.195+01:00  INFO 20188 --- [    Test worker] e.o.c.g.c.CatanBackendApplicationTests   : Starting CatanBackendApplicationTests using Java 21.0.1 with PID 20188 (started by bera in /home/bera/Desktop/uzco/CENG453_20231_Group10_backend)
2023-11-12T09:59:29.197+01:00  INFO 20188 --- [    Test worker] e.o.c.g.c.CatanBackendApplicationTests   : No active profile set, falling back to 1 default profile: "default"
2023-11-12T09:59:30.138+01:00  INFO 20188 --- [    Test worker] .s.d.r.c.RepositoryConfigurationDelegate : Bootstrapping Spring Data JPA repositories in DEFAULT mode.
2023-11-12T09:59:30.174+01:00  INFO 20188 --- [    Test worker] .s.d.r.c.RepositoryConfigurationDelegate : Finished Spring Data repository scanning in 31 ms. Found 3 JPA repository interfaces.
2023-11-12T09:59:30.480+01:00  INFO 20188 --- [    Test worker] o.hibernate.jpa.internal.util.LogHelper  : HHH000204: Processing PersistenceUnitInfo [name: default]
2023-11-12T09:59:30.512+01:00  INFO 20188 --- [    Test worker] org.hibernate.Version                    : HHH000412: Hibernate ORM core version 6.2.13.Final
2023-11-12T09:59:30.514+01:00  INFO 20188 --- [    Test worker] org.hibernate.cfg.Environment            : HHH000406: Using bytecode reflection optimizer
2023-11-12T09:59:30.680+01:00  INFO 20188 --- [    Test worker] o.s.o.j.p.SpringPersistenceUnitInfo      : No LoadTimeWeaver setup: ignoring JPA class transformer
2023-11-12T09:59:30.698+01:00  INFO 20188 --- [    Test worker] com.zaxxer.hikari.HikariDataSource       : HikariPool-1 - Starting...
2023-11-12T09:59:30.776+01:00  INFO 20188 --- [    Test worker] com.zaxxer.hikari.pool.HikariPool        : HikariPool-1 - Added connection org.mariadb.jdbc.Connection@69bca406
2023-11-12T09:59:30.777+01:00  INFO 20188 --- [    Test worker] com.zaxxer.hikari.HikariDataSource       : HikariPool-1 - Start completed.
2023-11-12T09:59:30.791+01:00  WARN 20188 --- [    Test worker] org.hibernate.orm.deprecation            : HHH90000025: MariaDB103Dialect does not need to be specified explicitly using 'hibernate.dialect' (remove the property setting and it will be selected by default)
2023-11-12T09:59:30.792+01:00  WARN 20188 --- [    Test worker] org.hibernate.orm.deprecation            : HHH90000026: MariaDB103Dialect has been deprecated; use org.hibernate.dialect.MariaDBDialect instead
2023-11-12T09:59:31.260+01:00  INFO 20188 --- [    Test worker] o.h.e.t.j.p.i.JtaPlatformInitiator       : HHH000489: No JTA platform available (set 'hibernate.transaction.jta.platform' to enable JTA platform integration)
Hibernate: alter table game_history drop foreign key if exists FKh7q9td56hxyqjy8km9ugn8dti
Hibernate: alter table game_history drop foreign key if exists FKdqh7c9wty8hwmnd1jie2srtpa
Hibernate: alter table game_score drop foreign key if exists FK4owekswigavkxjh2a6nqiq1x0
Hibernate: alter table game_score drop foreign key if exists FKh0ypckse9pw93d5x7nsx72stp
Hibernate: drop table if exists game_history
Hibernate: drop table if exists game_record
Hibernate: drop table if exists game_score
Hibernate: drop table if exists user_account
Hibernate: create table game_history (match_id varchar(255) not null, user_account_id varchar(255) not null, primary key (match_id, user_account_id)) engine=InnoDB
Hibernate: create table game_record (date_of_play datetime(6), id varchar(255) not null, primary key (id)) engine=InnoDB
Hibernate: create table game_score (score integer not null, match_id varchar(255) not null, user_account_id varchar(255) not null, primary key (match_id, user_account_id)) engine=InnoDB
Hibernate: create table user_account (creation_date datetime(6), email varchar(255), id varchar(255) not null, password varchar(255), username varchar(255), primary key (id)) engine=InnoDB
Hibernate: alter table user_account add constraint UK_hl02wv5hym99ys465woijmfib unique (email)
Hibernate: alter table user_account add constraint UK_castjbvpeeus0r8lbpehiu0e4 unique (username)
Hibernate: alter table game_history add constraint FKh7q9td56hxyqjy8km9ugn8dti foreign key (match_id) references game_record (id)
Hibernate: alter table game_history add constraint FKdqh7c9wty8hwmnd1jie2srtpa foreign key (user_account_id) references user_account (id)
Hibernate: alter table game_score add constraint FK4owekswigavkxjh2a6nqiq1x0 foreign key (match_id) references game_record (id)
Hibernate: alter table game_score add constraint FKh0ypckse9pw93d5x7nsx72stp foreign key (user_account_id) references user_account (id)
2023-11-12T09:59:31.437+01:00  INFO 20188 --- [    Test worker] j.LocalContainerEntityManagerFactoryBean : Initialized JPA EntityManagerFactory for persistence unit 'default'
2023-11-12T09:59:31.704+01:00  INFO 20188 --- [    Test worker] o.s.d.j.r.query.QueryEnhancerFactory     : Hibernate is in classpath; If applicable, HQL parser will be used.
2023-11-12T09:59:32.624+01:00  INFO 20188 --- [    Test worker] e.o.c.g.c.CatanBackendApplicationTests   : Started CatanBackendApplicationTests in 3.615 seconds (process running for 4.374)
]]></system-out>
  <system-err><![CDATA[WARNING: A Java agent has been loaded dynamically (/home/bera/.gradle/caches/modules-2/files-2.1/net.bytebuddy/byte-buddy-agent/1.14.9/dfb8707031008535048bad2b69735f46d0b6c5e5/byte-buddy-agent-1.14.9.jar)
WARNING: If a serviceability tool is in use, please run with -XX:+EnableDynamicAgentLoading to hide this warning
WARNING: If a serviceability tool is not in use, please run with -Djdk.instrument.traceUsage for more information
WARNING: Dynamic loading of agents will be disallowed by default in a future release
]]></system-err>
</testsuite>
