<?xml version="1.0" encoding="UTF-8"?>
<testsuite name="edu.odtu.ceng453.group10.catanbackend.UserAccountRepositoryTests" tests="1" skipped="0" failures="0" errors="0" timestamp="2023-11-12T08:54:45" hostname="Merics-MacBook-Pro.local" time="0.407">
  <properties/>
  <testcase name="registerAndFindAndDeleteUserAccount()" classname="edu.odtu.ceng453.group10.catanbackend.UserAccountRepositoryTests" time="0.407"/>
  <system-out><![CDATA[11:54:43.866 [Test worker] INFO org.springframework.test.context.support.AnnotationConfigContextLoaderUtils -- Could not detect default configuration classes for test class [edu.odtu.ceng453.group10.catanbackend.UserAccountRepositoryTests]: UserAccountRepositoryTests does not declare any static, non-private, non-final, nested classes annotated with @Configuration.
11:54:43.914 [Test worker] INFO org.springframework.boot.test.context.SpringBootTestContextBootstrapper -- Found @SpringBootConfiguration edu.odtu.ceng453.group10.catanbackend.CatanBackendApplication for test class edu.odtu.ceng453.group10.catanbackend.UserAccountRepositoryTests

  .   ____          _            __ _ _
 /\\ / ___'_ __ _ _(_)_ __  __ _ \ \ \ \
( ( )\___ | '_ | '_| | '_ \/ _` | \ \ \ \
 \\/  ___)| |_)| | | | | || (_| |  ) ) ) )
  '  |____| .__|_| |_|_| |_\__, | / / / /
 =========|_|==============|___/=/_/_/_/
 :: Spring Boot ::                (v3.1.5)

2023-11-12T11:54:44.078+03:00  INFO 2391 --- [    Test worker] e.o.c.g.c.UserAccountRepositoryTests     : Starting UserAccountRepositoryTests using Java 21.0.1 with PID 2391 (started by mky in /Users/mky/JAVA/CatanBackend)
2023-11-12T11:54:44.079+03:00  INFO 2391 --- [    Test worker] e.o.c.g.c.UserAccountRepositoryTests     : The following 1 profile is active: "test"
2023-11-12T11:54:44.234+03:00  INFO 2391 --- [    Test worker] .s.d.r.c.RepositoryConfigurationDelegate : Bootstrapping Spring Data JPA repositories in DEFAULT mode.
2023-11-12T11:54:44.261+03:00  INFO 2391 --- [    Test worker] .s.d.r.c.RepositoryConfigurationDelegate : Finished Spring Data repository scanning in 23 ms. Found 3 JPA repository interfaces.
2023-11-12T11:54:44.287+03:00  INFO 2391 --- [    Test worker] beddedDataSourceBeanFactoryPostProcessor : Replacing 'dataSource' DataSource bean with embedded version
2023-11-12T11:54:44.351+03:00  INFO 2391 --- [    Test worker] o.s.j.d.e.EmbeddedDatabaseFactory        : Starting embedded database: url='jdbc:h2:mem:f27ab130-a184-4488-b994-be53051ddae8;DB_CLOSE_DELAY=-1;DB_CLOSE_ON_EXIT=false', username='sa'
2023-11-12T11:54:44.479+03:00  INFO 2391 --- [    Test worker] o.hibernate.jpa.internal.util.LogHelper  : HHH000204: Processing PersistenceUnitInfo [name: default]
2023-11-12T11:54:44.500+03:00  INFO 2391 --- [    Test worker] org.hibernate.Version                    : HHH000412: Hibernate ORM core version 6.2.13.Final
2023-11-12T11:54:44.502+03:00  INFO 2391 --- [    Test worker] org.hibernate.cfg.Environment            : HHH000406: Using bytecode reflection optimizer
2023-11-12T11:54:44.617+03:00  INFO 2391 --- [    Test worker] o.s.o.j.p.SpringPersistenceUnitInfo      : No LoadTimeWeaver setup: ignoring JPA class transformer
2023-11-12T11:54:44.985+03:00  INFO 2391 --- [    Test worker] o.h.e.t.j.p.i.JtaPlatformInitiator       : HHH000489: No JTA platform available (set 'hibernate.transaction.jta.platform' to enable JTA platform integration)
Hibernate: drop table if exists game_history cascade 
Hibernate: drop table if exists game_record cascade 
Hibernate: drop table if exists game_score cascade 
Hibernate: drop table if exists user_account cascade 
Hibernate: create table game_history (match_id varchar(255) not null, user_account_id varchar(255) not null, primary key (match_id, user_account_id))
Hibernate: create table game_record (date_of_play timestamp(6), id varchar(255) not null, primary key (id))
Hibernate: create table game_score (score integer not null, match_id varchar(255) not null, user_account_id varchar(255) not null, primary key (match_id, user_account_id))
Hibernate: create table user_account (creation_date timestamp(6), email varchar(255) unique, id varchar(255) not null, password varchar(255), username varchar(255) unique, primary key (id))
Hibernate: alter table if exists game_history add constraint FKh7q9td56hxyqjy8km9ugn8dti foreign key (match_id) references game_record
Hibernate: alter table if exists game_history add constraint FKdqh7c9wty8hwmnd1jie2srtpa foreign key (user_account_id) references user_account
Hibernate: alter table if exists game_score add constraint FK4owekswigavkxjh2a6nqiq1x0 foreign key (match_id) references game_record
Hibernate: alter table if exists game_score add constraint FKh0ypckse9pw93d5x7nsx72stp foreign key (user_account_id) references user_account
2023-11-12T11:54:45.009+03:00  INFO 2391 --- [    Test worker] j.LocalContainerEntityManagerFactoryBean : Initialized JPA EntityManagerFactory for persistence unit 'default'
2023-11-12T11:54:45.376+03:00  INFO 2391 --- [    Test worker] o.s.d.j.r.query.QueryEnhancerFactory     : Hibernate is in classpath; If applicable, HQL parser will be used.
2023-11-12T11:54:45.650+03:00  INFO 2391 --- [    Test worker] e.o.c.g.c.UserAccountRepositoryTests     : Started UserAccountRepositoryTests in 1.704 seconds (process running for 2.175)
Hibernate: select u1_0.id,u1_0.creation_date,u1_0.email,u1_0.password,p1_0.user_account_id,p1_1.id,p1_1.date_of_play,u1_0.username from user_account u1_0 left join (game_history p1_0 join game_record p1_1 on p1_1.id=p1_0.match_id) on u1_0.id=p1_0.user_account_id where u1_0.id=?
Hibernate: insert into user_account (creation_date,email,password,username,id) values (?,?,?,?,?)
Hibernate: select u1_0.id,u1_0.creation_date,u1_0.email,u1_0.password,u1_0.username from user_account u1_0 where u1_0.email=?
]]></system-out>
  <system-err><![CDATA[WARNING: A Java agent has been loaded dynamically (/Users/mky/.gradle/caches/modules-2/files-2.1/net.bytebuddy/byte-buddy-agent/1.14.9/dfb8707031008535048bad2b69735f46d0b6c5e5/byte-buddy-agent-1.14.9.jar)
WARNING: If a serviceability tool is in use, please run with -XX:+EnableDynamicAgentLoading to hide this warning
WARNING: If a serviceability tool is not in use, please run with -Djdk.instrument.traceUsage for more information
WARNING: Dynamic loading of agents will be disallowed by default in a future release
]]></system-err>
</testsuite>
